生成启动时间为 2017/12/29 13:41:26。
     1>项目“D:\colos\cocos2d-x-2.2.5\projects\FishingJoy\proj.win32\FishingJoy.vcxproj”在节点 4 上(Build 个目标)。
     1>ClCompile:
         D:\修仙软件\Visual Studio2013\VC\bin\CL.exe /c /I"D:\colos\cocos2d-x-2.2.5\projects\FishingJoy\proj.win32\..\..\..\cocos2dx" /I"D:\colos\cocos2d-x-2.2.5\projects\FishingJoy\proj.win32\..\..\..\cocos2dx\include" /I"D:\colos\cocos2d-x-2.2.5\projects\FishingJoy\proj.win32\..\..\..\cocos2dx\kazmath\include" /I"D:\colos\cocos2d-x-2.2.5\projects\FishingJoy\proj.win32\..\..\..\cocos2dx\platform\win32" /I"D:\colos\cocos2d-x-2.2.5\projects\FishingJoy\proj.win32\..\..\..\cocos2dx\platform\third_party\win32" /I"D:\colos\cocos2d-x-2.2.5\projects\FishingJoy\proj.win32\..\..\..\cocos2dx\platform\third_party\win32\OGLES" /I"D:\colos\cocos2d-x-2.2.5\projects\FishingJoy\proj.win32\..\..\..\external" /I"D:\colos\cocos2d-x-2.2.5\projects\FishingJoy\proj.win32\..\..\..\external\chipmunk\include\chipmunk" /I"D:\colos\cocos2d-x-2.2.5\projects\FishingJoy\proj.win32\..\..\..\CocosDenshion\include" /I"D:\colos\cocos2d-x-2.2.5\projects\FishingJoy\proj.win32\..\..\..\extensions" /I..\Classes /I.. /Zi /nologo /W3 /WX- /O2 /Oi /Oy- /GL /D WIN32 /D NDEBUG /D _WINDOWS /D _USE_MATH_DEFINES /D GL_GLEXT_PROTOTYPES /D CC_ENABLE_CHIPMUNK_INTEGRATION=1 /D _CRT_SECURE_NO_WARNINGS /D _SCL_SECURE_NO_WARNINGS /D _USING_V110_SDK71_ /D _UNICODE /D UNICODE /Gm- /EHsc /MD /GS /Gy /fp:precise /Zc:wchar_t /Zc:forScope /Fo"Release.win32\\" /Fd"Release.win32\vc120.pdb" /Gd /TP /wd4267 /wd4251 /wd4244 /analyze- /errorReport:prompt ..\Classes\AppDelegate.cpp ..\Classes\GameMenuLayer.cpp ..\Classes\GameScene.cpp ..\Classes\MenuLayer.cpp ..\Classes\PanelLayer.cpp ..\Classes\TouchLayer.cpp
         AppDelegate.cpp
         GameMenuLayer.cpp
     1>..\Classes\GameMenuLayer.cpp : warning C4819: 该文件包含不能在当前代码页(936)中表示的字符。请将该文件保存为 Unicode 格式以防止数据丢失
         GameScene.cpp
     1>..\Classes\GameScene.cpp : warning C4819: 该文件包含不能在当前代码页(936)中表示的字符。请将该文件保存为 Unicode 格式以防止数据丢失
     1>..\Classes\GameScene.cpp(158): warning C4305: “初始化”: 从“double”到“float”截断
     1>..\Classes\GameScene.cpp(159): warning C4305: “初始化”: 从“double”到“float”截断
         MenuLayer.cpp
         PanelLayer.cpp
         TouchLayer.cpp
       PreLinkEvent:
         if not exist "D:\colos\cocos2d-x-2.2.5\projects\FishingJoy\proj.win32\Release.win32\" mkdir "D:\colos\cocos2d-x-2.2.5\projects\FishingJoy\proj.win32\Release.win32\"
         xcopy /Y /Q "D:\colos\cocos2d-x-2.2.5\projects\FishingJoy\proj.win32\..\..\..\external\libwebsockets\win32\lib\*.*" "D:\colos\cocos2d-x-2.2.5\projects\FishingJoy\proj.win32\Release.win32\"
         :VCEnd
         复制了 2 个文件
       Link:
         D:\修仙软件\Visual Studio2013\VC\bin\link.exe /ERRORREPORT:PROMPT /OUT:"D:\colos\cocos2d-x-2.2.5\projects\FishingJoy\proj.win32\Release.win32\FishingJoy.exe" /INCREMENTAL:NO /NOLOGO /LIBPATH:"D:\colos\cocos2d-x-2.2.5\projects\FishingJoy\proj.win32\Release.win32\\" libExtensions.lib libcocos2d.lib libCocosDenshion.lib opengl32.lib glew32.lib libBox2d.lib libchipmunk.lib libcurl_imp.lib pthreadVCE2.lib websockets.lib kernel32.lib user32.lib gdi32.lib winspool.lib comdlg32.lib advapi32.lib shell32.lib ole32.lib oleaut32.lib uuid.lib odbc32.lib odbccp32.lib /MANIFEST /MANIFESTUAC:"level='asInvoker' uiAccess='false'" /manifest:embed /DEBUG /PDB:"D:\colos\cocos2d-x-2.2.5\projects\FishingJoy\proj.win32\Release.win32\FishingJoy.pdb" /SUBSYSTEM:WINDOWS,"5.01" /OPT:REF /OPT:ICF /LTCG /TLBID:1 /DYNAMICBASE /NXCOMPAT /IMPLIB:"D:\colos\cocos2d-x-2.2.5\projects\FishingJoy\proj.win32\Release.win32\FishingJoy.lib" /MACHINE:X86 /SAFESEH Release.win32\AppDelegate.obj
         Release.win32\BackgroundLayer.obj
         Release.win32\Bullet.obj
         Release.win32\Cannon.obj
         Release.win32\CannonLayer.obj
         Release.win32\Counter.obj
         Release.win32\Fish.obj
         Release.win32\FishJoyData.obj
         Release.win32\FishLayer.obj
         Release.win32\FishNet.obj
         Release.win32\GameMenuLayer.obj
         Release.win32\GameScene.obj
         Release.win32\GoldCounterLayer.obj
         Release.win32\MenuLayer.obj
         Release.win32\PanelLayer.obj
         Release.win32\PersonalAudioEngine.obj
         Release.win32\ScheduleCountDown.obj
         Release.win32\StaticData.obj
         Release.win32\TouchLayer.obj
         Release.win32\Weapon.obj
         Release.win32\main.obj
         "D:\colos\cocos2d-x-2.2.5\projects\FishingJoy\proj.win32\Release.win32\libcocos2d.lib"
         "D:\colos\cocos2d-x-2.2.5\projects\FishingJoy\proj.win32\Release.win32\libCocosDenshion.lib"
         "D:\colos\cocos2d-x-2.2.5\projects\FishingJoy\proj.win32\Release.win32\libExtensions.lib"
         "D:\colos\cocos2d-x-2.2.5\projects\FishingJoy\proj.win32\Release.win32\libBox2D.lib"
         "D:\colos\cocos2d-x-2.2.5\projects\FishingJoy\proj.win32\Release.win32\libchipmunk.lib"
         正在生成代码
         已完成代码的生成
         FishingJoy.vcxproj -> D:\colos\cocos2d-x-2.2.5\projects\FishingJoy\proj.win32\Release.win32\FishingJoy.exe
     1>已完成生成项目“D:\colos\cocos2d-x-2.2.5\projects\FishingJoy\proj.win32\FishingJoy.vcxproj”(Build 个目标)的操作。

生成成功。

已用时间 00:00:07.73
